<?xml version="1.0" encoding="UTF-8"?>
<!-- Generated by org.testng.reporters.JUnitXMLReporter -->
<testsuite hostname="A2MD19198" name="Test" tests="1" failures="0" timestamp="1 Aug 2016 04:12:09 GMT" time="0.046" errors="0">
  <testcase name="@BeforeMethod beforeMethod" time="0.0" classname="com.mindtree.test.NewTest">
    <failure type="java.lang.IllegalStateException" message="The driver executable does not exist: E:\Selenium\chromedriver.exe">
      <![CDATA[java.lang.IllegalStateException: The driver executable does not exist: E:\Selenium\chromedriver.exe
	at com.google.common.base.Preconditions.checkState(Preconditions.java:199)
	at org.openqa.selenium.remote.service.DriverService.checkExecutable(DriverService.java:121)
	at org.openqa.selenium.remote.service.DriverService.findExecutable(DriverService.java:116)
	at org.openqa.selenium.chrome.ChromeDriverService.access$0(ChromeDriverService.java:1)
	at org.openqa.selenium.chrome.ChromeDriverService$Builder.findDefaultExecutable(ChromeDriverService.java:137)
	at org.openqa.selenium.remote.service.DriverService$Builder.build(DriverService.java:296)
	at org.openqa.selenium.chrome.ChromeDriverService.createDefaultService(ChromeDriverService.java:88)
	at org.openqa.selenium.chrome.ChromeDriver.<init>(ChromeDriver.java:116)
	at com.mindtree.driver.BaseClass.loadDriver(BaseClass.java:118)
	at com.mindtree.test.NewTest.beforeMethod(NewTest.java:71)
... Removed 25 stack frames]]>
    </failure>
  </testcase> <!-- @BeforeMethod beforeMethod -->
  <testcase name="@AfterMethod afterMethod" time="0.0" classname="com.mindtree.test.NewTest">
    <skipped/>
  </testcase> <!-- @AfterMethod afterMethod -->
  <testcase name="creatCarPackage" time="0.0" classname="com.mindtree.test.NewTest">
    <skipped/>
  </testcase> <!-- creatCarPackage -->
</testsuite> <!-- Test -->
